2025-11-25 10:37:57,152 - __main__ - INFO - Starting application...
2025-11-25 10:37:57,152 - __main__ - INFO - Running Flask app on port 6776, debug=False
2025-11-25 10:37:57,161 - werkzeug - INFO - [31m[1mWARNING: This is a development server. Do not use it in a production deployment. Use a production WSGI server instead.[0m
 * Running on all addresses (0.0.0.0)
 * Running on http://127.0.0.1:6776
 * Running on http://100.87.253.128:6776
2025-11-25 10:37:57,161 - werkzeug - INFO - [33mPress CTRL+C to quit[0m
2025-11-25 10:37:57,162 - werkzeug - INFO -  * Restarting with stat
2025-11-25 10:37:57,395 - __main__ - INFO - Starting application...
2025-11-25 10:37:57,396 - __main__ - INFO - Running Flask app on port 6776, debug=False
2025-11-25 10:37:57,434 - werkzeug - WARNING -  * Debugger is active!
2025-11-25 10:37:57,436 - werkzeug - INFO -  * Debugger PIN: 569-186-393
2025-11-25 10:38:04,098 - werkzeug - INFO - 127.0.0.1 - - [25/Nov/2025 10:38:04] "GET / HTTP/1.1" 200 -
2025-11-25 10:38:04,118 - werkzeug - INFO - 127.0.0.1 - - [25/Nov/2025 10:38:04] "[36mGET /static/animations.css HTTP/1.1[0m" 304 -
2025-11-25 10:38:04,118 - werkzeug - INFO - 127.0.0.1 - - [25/Nov/2025 10:38:04] "[36mGET /static/script.js HTTP/1.1[0m" 304 -
2025-11-25 10:38:05,524 - __main__ - INFO - API request - Get format info for: https://www.youtube.com/watch?v=HxelqBCICZU&pp=ugUEEgJlcw%3D%3D
2025-11-25 10:38:05,524 - __main__ - INFO - Fetching video info for URL: https://www.youtube.com/watch?v=HxelqBCICZU&pp=ugUEEgJlcw%3D%3D
2025-11-25 10:38:10,093 - werkzeug - INFO - 127.0.0.1 - - [25/Nov/2025 10:38:10] "POST /api/format HTTP/1.1" 200 -
2025-11-25 10:38:16,897 - __main__ - INFO - API request - Start download: https://www.youtube.com/watch?v=HxelqBCICZU&pp=ugUEEgJlcw%3D%3D, Format: 397
2025-11-25 10:38:16,897 - root - ERROR - Unable to download from www.youtube.com due to missing cookies.
NoneType: None
2025-11-25 10:38:16,897 - werkzeug - INFO - 127.0.0.1 - - [25/Nov/2025 10:38:16] "[35m[1mPOST /api/startDownload HTTP/1.1[0m" 500 -
2025-11-25 11:28:24,063 - __main__ - INFO - Starting application...
2025-11-25 11:28:24,064 - __main__ - INFO - Flask port configured: 6776
2025-11-25 11:28:24,064 - __main__ - WARNING - YouTube cookies file not found
2025-11-25 11:28:24,064 - __main__ - INFO - Running Flask app on port 6776, debug=False
2025-11-25 11:28:24,073 - werkzeug - INFO - [31m[1mWARNING: This is a development server. Do not use it in a production deployment. Use a production WSGI server instead.[0m
 * Running on all addresses (0.0.0.0)
 * Running on http://127.0.0.1:6776
 * Running on http://100.87.253.128:6776
2025-11-25 11:28:24,073 - werkzeug - INFO - [33mPress CTRL+C to quit[0m
2025-11-25 11:28:24,073 - werkzeug - INFO -  * Restarting with stat
2025-11-25 11:28:24,298 - __main__ - INFO - Starting application...
2025-11-25 11:28:24,298 - __main__ - INFO - Flask port configured: 6776
2025-11-25 11:28:24,298 - __main__ - WARNING - YouTube cookies file not found
2025-11-25 11:28:24,298 - __main__ - INFO - Running Flask app on port 6776, debug=False
2025-11-25 11:28:24,304 - werkzeug - WARNING -  * Debugger is active!
2025-11-25 11:28:24,307 - werkzeug - INFO -  * Debugger PIN: 569-186-393
2025-11-25 11:31:10,621 - __main__ - INFO - Starting application...
2025-11-25 11:31:10,622 - __main__ - INFO - Flask port configured: 6776
2025-11-25 11:31:10,622 - __main__ - WARNING - YouTube cookies file not found
2025-11-25 11:31:10,622 - __main__ - INFO - Running Flask app on port 6776, debug=False
2025-11-25 11:31:10,632 - werkzeug - INFO - [31m[1mWARNING: This is a development server. Do not use it in a production deployment. Use a production WSGI server instead.[0m
 * Running on all addresses (0.0.0.0)
 * Running on http://127.0.0.1:6776
 * Running on http://100.87.253.128:6776
2025-11-25 11:31:10,633 - werkzeug - INFO - [33mPress CTRL+C to quit[0m
2025-11-25 11:31:10,633 - werkzeug - INFO -  * Restarting with stat
2025-11-25 11:31:10,886 - __main__ - INFO - Starting application...
2025-11-25 11:31:10,886 - __main__ - INFO - Flask port configured: 6776
2025-11-25 11:31:10,886 - __main__ - WARNING - YouTube cookies file not found
2025-11-25 11:31:10,886 - __main__ - INFO - Running Flask app on port 6776, debug=False
2025-11-25 11:31:10,892 - werkzeug - WARNING -  * Debugger is active!
2025-11-25 11:31:10,895 - werkzeug - INFO -  * Debugger PIN: 569-186-393
2025-11-25 11:31:17,227 - werkzeug - INFO - 127.0.0.1 - - [25/Nov/2025 11:31:17] "GET / HTTP/1.1" 200 -
2025-11-25 11:31:17,249 - werkzeug - INFO - 127.0.0.1 - - [25/Nov/2025 11:31:17] "[36mGET /static/animations.css HTTP/1.1[0m" 304 -
2025-11-25 11:31:17,250 - werkzeug - INFO - 127.0.0.1 - - [25/Nov/2025 11:31:17] "[36mGET /static/script.js HTTP/1.1[0m" 304 -
2025-11-25 11:31:18,391 - __main__ - INFO - API request - Get format info for: https://www.youtube.com/watch?v=HxelqBCICZU&pp=ugUEEgJlcw%3D%3D
2025-11-25 11:31:18,391 - __main__ - INFO - Fetching video info for URL: https://www.youtube.com/watch?v=HxelqBCICZU&pp=ugUEEgJlcw%3D%3D
2025-11-25 11:31:22,321 - werkzeug - INFO - 127.0.0.1 - - [25/Nov/2025 11:31:22] "POST /api/format HTTP/1.1" 200 -
2025-11-25 11:31:24,573 - werkzeug - INFO - 127.0.0.1 - - [25/Nov/2025 11:31:24] "GET / HTTP/1.1" 200 -
2025-11-25 11:31:24,584 - werkzeug - INFO - 127.0.0.1 - - [25/Nov/2025 11:31:24] "[36mGET /static/animations.css HTTP/1.1[0m" 304 -
2025-11-25 11:31:24,592 - werkzeug - INFO - 127.0.0.1 - - [25/Nov/2025 11:31:24] "[36mGET /static/script.js HTTP/1.1[0m" 304 -
2025-11-25 11:31:25,746 - __main__ - INFO - API request - Get format info for: https://www.youtube.com/watch?v=HxelqBCICZU&pp=ugUEEgJlcw%3D%3D
2025-11-25 11:31:25,746 - __main__ - INFO - Fetching video info for URL: https://www.youtube.com/watch?v=HxelqBCICZU&pp=ugUEEgJlcw%3D%3D
2025-11-25 11:31:28,291 - werkzeug - INFO - 127.0.0.1 - - [25/Nov/2025 11:31:28] "POST /api/format HTTP/1.1" 200 -
2025-11-25 11:31:44,324 - __main__ - INFO - API request - Start download: https://www.youtube.com/watch?v=HxelqBCICZU&pp=ugUEEgJlcw%3D%3D, Format: 243
2025-11-25 11:31:44,324 - root - ERROR - Unable to download from www.youtube.com due to missing cookies.
NoneType: None
2025-11-25 11:31:44,324 - werkzeug - INFO - 127.0.0.1 - - [25/Nov/2025 11:31:44] "[35m[1mPOST /api/startDownload HTTP/1.1[0m" 500 -
2025-11-25 11:31:47,004 - __main__ - INFO - API request - Start download: https://www.youtube.com/watch?v=HxelqBCICZU&pp=ugUEEgJlcw%3D%3D, Format: 243
2025-11-25 11:31:47,004 - root - ERROR - Unable to download from www.youtube.com due to missing cookies.
NoneType: None
2025-11-25 11:31:47,005 - werkzeug - INFO - 127.0.0.1 - - [25/Nov/2025 11:31:47] "[35m[1mPOST /api/startDownload HTTP/1.1[0m" 500 -
2025-11-25 11:31:56,824 - __main__ - INFO - API request - Start download: https://www.youtube.com/watch?v=HxelqBCICZU&pp=ugUEEgJlcw%3D%3D, Format: 243
2025-11-25 11:31:56,825 - root - ERROR - Unable to download from www.youtube.com due to missing cookies.
NoneType: None
2025-11-25 11:31:56,825 - werkzeug - INFO - 127.0.0.1 - - [25/Nov/2025 11:31:56] "[35m[1mPOST /api/startDownload HTTP/1.1[0m" 500 -
2025-11-25 11:31:57,498 - __main__ - INFO - API request - Start download: https://www.youtube.com/watch?v=HxelqBCICZU&pp=ugUEEgJlcw%3D%3D, Format: 243
2025-11-25 11:31:57,498 - root - ERROR - Unable to download from www.youtube.com due to missing cookies.
NoneType: None
2025-11-25 11:31:57,499 - werkzeug - INFO - 127.0.0.1 - - [25/Nov/2025 11:31:57] "[35m[1mPOST /api/startDownload HTTP/1.1[0m" 500 -
2025-11-25 11:31:58,132 - __main__ - INFO - API request - Start download: https://www.youtube.com/watch?v=HxelqBCICZU&pp=ugUEEgJlcw%3D%3D, Format: 243
2025-11-25 11:31:58,132 - root - ERROR - Unable to download from www.youtube.com due to missing cookies.
NoneType: None
2025-11-25 11:31:58,133 - werkzeug - INFO - 127.0.0.1 - - [25/Nov/2025 11:31:58] "[35m[1mPOST /api/startDownload HTTP/1.1[0m" 500 -
2025-11-25 11:31:58,417 - __main__ - INFO - API request - Start download: https://www.youtube.com/watch?v=HxelqBCICZU&pp=ugUEEgJlcw%3D%3D, Format: 243
2025-11-25 11:31:58,417 - root - ERROR - Unable to download from www.youtube.com due to missing cookies.
NoneType: None
2025-11-25 11:31:58,417 - werkzeug - INFO - 127.0.0.1 - - [25/Nov/2025 11:31:58] "[35m[1mPOST /api/startDownload HTTP/1.1[0m" 500 -
2025-11-25 11:31:58,639 - __main__ - INFO - API request - Start download: https://www.youtube.com/watch?v=HxelqBCICZU&pp=ugUEEgJlcw%3D%3D, Format: 243
2025-11-25 11:31:58,639 - root - ERROR - Unable to download from www.youtube.com due to missing cookies.
NoneType: None
2025-11-25 11:31:58,639 - werkzeug - INFO - 127.0.0.1 - - [25/Nov/2025 11:31:58] "[35m[1mPOST /api/startDownload HTTP/1.1[0m" 500 -
2025-11-25 11:31:58,844 - __main__ - INFO - API request - Start download: https://www.youtube.com/watch?v=HxelqBCICZU&pp=ugUEEgJlcw%3D%3D, Format: 243
2025-11-25 11:31:58,844 - root - ERROR - Unable to download from www.youtube.com due to missing cookies.
NoneType: None
2025-11-25 11:31:58,844 - werkzeug - INFO - 127.0.0.1 - - [25/Nov/2025 11:31:58] "[35m[1mPOST /api/startDownload HTTP/1.1[0m" 500 -
2025-11-25 11:31:59,011 - __main__ - INFO - API request - Start download: https://www.youtube.com/watch?v=HxelqBCICZU&pp=ugUEEgJlcw%3D%3D, Format: 243
2025-11-25 11:31:59,011 - root - ERROR - Unable to download from www.youtube.com due to missing cookies.
NoneType: None
2025-11-25 11:31:59,011 - werkzeug - INFO - 127.0.0.1 - - [25/Nov/2025 11:31:59] "[35m[1mPOST /api/startDownload HTTP/1.1[0m" 500 -
2025-11-25 11:31:59,180 - __main__ - INFO - API request - Start download: https://www.youtube.com/watch?v=HxelqBCICZU&pp=ugUEEgJlcw%3D%3D, Format: 243
2025-11-25 11:31:59,180 - root - ERROR - Unable to download from www.youtube.com due to missing cookies.
NoneType: None
2025-11-25 11:31:59,181 - werkzeug - INFO - 127.0.0.1 - - [25/Nov/2025 11:31:59] "[35m[1mPOST /api/startDownload HTTP/1.1[0m" 500 -
2025-11-25 11:31:59,363 - __main__ - INFO - API request - Start download: https://www.youtube.com/watch?v=HxelqBCICZU&pp=ugUEEgJlcw%3D%3D, Format: 243
2025-11-25 11:31:59,363 - root - ERROR - Unable to download from www.youtube.com due to missing cookies.
NoneType: None
2025-11-25 11:31:59,364 - werkzeug - INFO - 127.0.0.1 - - [25/Nov/2025 11:31:59] "[35m[1mPOST /api/startDownload HTTP/1.1[0m" 500 -
2025-11-25 11:31:59,534 - __main__ - INFO - API request - Start download: https://www.youtube.com/watch?v=HxelqBCICZU&pp=ugUEEgJlcw%3D%3D, Format: 243
2025-11-25 11:31:59,534 - root - ERROR - Unable to download from www.youtube.com due to missing cookies.
NoneType: None
2025-11-25 11:31:59,535 - werkzeug - INFO - 127.0.0.1 - - [25/Nov/2025 11:31:59] "[35m[1mPOST /api/startDownload HTTP/1.1[0m" 500 -
2025-11-25 11:31:59,685 - __main__ - INFO - API request - Start download: https://www.youtube.com/watch?v=HxelqBCICZU&pp=ugUEEgJlcw%3D%3D, Format: 243
2025-11-25 11:31:59,685 - root - ERROR - Unable to download from www.youtube.com due to missing cookies.
NoneType: None
2025-11-25 11:31:59,686 - werkzeug - INFO - 127.0.0.1 - - [25/Nov/2025 11:31:59] "[35m[1mPOST /api/startDownload HTTP/1.1[0m" 500 -
2025-11-25 11:31:59,837 - __main__ - INFO - API request - Start download: https://www.youtube.com/watch?v=HxelqBCICZU&pp=ugUEEgJlcw%3D%3D, Format: 243
2025-11-25 11:31:59,838 - root - ERROR - Unable to download from www.youtube.com due to missing cookies.
NoneType: None
2025-11-25 11:31:59,838 - werkzeug - INFO - 127.0.0.1 - - [25/Nov/2025 11:31:59] "[35m[1mPOST /api/startDownload HTTP/1.1[0m" 500 -
2025-11-25 11:31:59,995 - __main__ - INFO - API request - Start download: https://www.youtube.com/watch?v=HxelqBCICZU&pp=ugUEEgJlcw%3D%3D, Format: 243
2025-11-25 11:31:59,995 - root - ERROR - Unable to download from www.youtube.com due to missing cookies.
NoneType: None
2025-11-25 11:31:59,996 - werkzeug - INFO - 127.0.0.1 - - [25/Nov/2025 11:31:59] "[35m[1mPOST /api/startDownload HTTP/1.1[0m" 500 -
2025-11-25 11:32:00,148 - __main__ - INFO - API request - Start download: https://www.youtube.com/watch?v=HxelqBCICZU&pp=ugUEEgJlcw%3D%3D, Format: 243
2025-11-25 11:32:00,148 - root - ERROR - Unable to download from www.youtube.com due to missing cookies.
NoneType: None
2025-11-25 11:32:00,149 - werkzeug - INFO - 127.0.0.1 - - [25/Nov/2025 11:32:00] "[35m[1mPOST /api/startDownload HTTP/1.1[0m" 500 -
2025-11-25 11:32:00,293 - __main__ - INFO - API request - Start download: https://www.youtube.com/watch?v=HxelqBCICZU&pp=ugUEEgJlcw%3D%3D, Format: 243
2025-11-25 11:32:00,293 - root - ERROR - Unable to download from www.youtube.com due to missing cookies.
NoneType: None
2025-11-25 11:32:00,294 - werkzeug - INFO - 127.0.0.1 - - [25/Nov/2025 11:32:00] "[35m[1mPOST /api/startDownload HTTP/1.1[0m" 500 -
2025-11-25 11:32:00,437 - __main__ - INFO - API request - Start download: https://www.youtube.com/watch?v=HxelqBCICZU&pp=ugUEEgJlcw%3D%3D, Format: 243
2025-11-25 11:32:00,437 - root - ERROR - Unable to download from www.youtube.com due to missing cookies.
NoneType: None
2025-11-25 11:32:00,437 - werkzeug - INFO - 127.0.0.1 - - [25/Nov/2025 11:32:00] "[35m[1mPOST /api/startDownload HTTP/1.1[0m" 500 -
2025-11-25 11:32:00,580 - __main__ - INFO - API request - Start download: https://www.youtube.com/watch?v=HxelqBCICZU&pp=ugUEEgJlcw%3D%3D, Format: 243
2025-11-25 11:32:00,580 - root - ERROR - Unable to download from www.youtube.com due to missing cookies.
NoneType: None
2025-11-25 11:32:00,581 - werkzeug - INFO - 127.0.0.1 - - [25/Nov/2025 11:32:00] "[35m[1mPOST /api/startDownload HTTP/1.1[0m" 500 -
2025-11-25 11:32:00,718 - __main__ - INFO - API request - Start download: https://www.youtube.com/watch?v=HxelqBCICZU&pp=ugUEEgJlcw%3D%3D, Format: 243
2025-11-25 11:32:00,719 - root - ERROR - Unable to download from www.youtube.com due to missing cookies.
NoneType: None
2025-11-25 11:32:00,719 - werkzeug - INFO - 127.0.0.1 - - [25/Nov/2025 11:32:00] "[35m[1mPOST /api/startDownload HTTP/1.1[0m" 500 -
2025-11-25 11:32:00,868 - __main__ - INFO - API request - Start download: https://www.youtube.com/watch?v=HxelqBCICZU&pp=ugUEEgJlcw%3D%3D, Format: 243
2025-11-25 11:32:00,868 - root - ERROR - Unable to download from www.youtube.com due to missing cookies.
NoneType: None
2025-11-25 11:32:00,868 - werkzeug - INFO - 127.0.0.1 - - [25/Nov/2025 11:32:00] "[35m[1mPOST /api/startDownload HTTP/1.1[0m" 500 -
2025-11-25 11:32:00,998 - __main__ - INFO - API request - Start download: https://www.youtube.com/watch?v=HxelqBCICZU&pp=ugUEEgJlcw%3D%3D, Format: 243
2025-11-25 11:32:00,998 - root - ERROR - Unable to download from www.youtube.com due to missing cookies.
NoneType: None
2025-11-25 11:32:00,999 - werkzeug - INFO - 127.0.0.1 - - [25/Nov/2025 11:32:00] "[35m[1mPOST /api/startDownload HTTP/1.1[0m" 500 -
2025-11-25 11:32:01,361 - __main__ - INFO - API request - Start download: https://www.youtube.com/watch?v=HxelqBCICZU&pp=ugUEEgJlcw%3D%3D, Format: 243
2025-11-25 11:32:01,361 - root - ERROR - Unable to download from www.youtube.com due to missing cookies.
NoneType: None
2025-11-25 11:32:01,361 - werkzeug - INFO - 127.0.0.1 - - [25/Nov/2025 11:32:01] "[35m[1mPOST /api/startDownload HTTP/1.1[0m" 500 -
2025-11-25 11:34:08,488 - __main__ - INFO - API request - Get format info for: https://vimeo.com/151735928
2025-11-25 11:34:08,489 - __main__ - INFO - Fetching video info for URL: https://vimeo.com/151735928
2025-11-25 11:34:09,230 - __main__ - ERROR - Error in get_video_info endpoint: [0;31mERROR:[0m [vimeo] 151735928: The web client only works when logged-in. Use --cookies, --cookies-from-browser, --username and --password, --netrc-cmd, or --netrc (vimeo) to provide account credentials. See  https://github.com/yt-dlp/yt-dlp/wiki/FAQ#how-do-i-pass-cookies-to-yt-dlp  for how to manually pass cookies
Traceback (most recent call last):
  File "/home/manana/Documentos/yt-downloader/venv/lib/python3.12/site-packages/yt_dlp/YoutubeDL.py", line 1645, in wrapper
    return func(self, *args, **kwargs)
           ^^^^^^^^^^^^^^^^^^^^^^^^^^^
  File "/home/manana/Documentos/yt-downloader/venv/lib/python3.12/site-packages/yt_dlp/YoutubeDL.py", line 1780, in __extract_info
    ie_result = ie.extract(url)
                ^^^^^^^^^^^^^^^
  File "/home/manana/Documentos/yt-downloader/venv/lib/python3.12/site-packages/yt_dlp/extractor/common.py", line 762, in extract
    ie_result = self._real_extract(url)
                ^^^^^^^^^^^^^^^^^^^^^^^
  File "/home/manana/Documentos/yt-downloader/venv/lib/python3.12/site-packages/yt_dlp/extractor/vimeo.py", line 1316, in _real_extract
    return self._extract_from_api(video_id)
           ^^^^^^^^^^^^^^^^^^^^^^^^^^^^^^^^
  File "/home/manana/Documentos/yt-downloader/venv/lib/python3.12/site-packages/yt_dlp/extractor/vimeo.py", line 1181, in _extract_from_api
    video = self._call_videos_api(video_id, unlisted_hash)
            ^^^^^^^^^^^^^^^^^^^^^^^^^^^^^^^^^^^^^^^^^^^^^^
  File "/home/manana/Documentos/yt-downloader/venv/lib/python3.12/site-packages/yt_dlp/extractor/vimeo.py", line 406, in _call_videos_api
    self.raise_login_required(f'The {client} client only works when logged-in')
  File "/home/manana/Documentos/yt-downloader/venv/lib/python3.12/site-packages/yt_dlp/extractor/common.py", line 1256, in raise_login_required
    raise ExtractorError(msg, expected=True)
yt_dlp.utils.ExtractorError: [vimeo] 151735928: The web client only works when logged-in. Use --cookies, --cookies-from-browser, --username and --password, --netrc-cmd, or --netrc (vimeo) to provide account credentials. See  https://github.com/yt-dlp/yt-dlp/wiki/FAQ#how-do-i-pass-cookies-to-yt-dlp  for how to manually pass cookies

During handling of the above exception, another exception occurred:

Traceback (most recent call last):
  File "/home/manana/Documentos/yt-downloader/app.py", line 124, in get_video_info
    title, extractor, thumbnail, video_formats, audio_formats = get_info_video(url)
                                                                ^^^^^^^^^^^^^^^^^^^
  File "/home/manana/Documentos/yt-downloader/app.py", line 82, in get_info_video
    info = ydl.extract_info(url, download=False)
           ^^^^^^^^^^^^^^^^^^^^^^^^^^^^^^^^^^^^^
  File "/home/manana/Documentos/yt-downloader/venv/lib/python3.12/site-packages/yt_dlp/YoutubeDL.py", line 1634, in extract_info
    return self.__extract_info(url, self.get_info_extractor(key), download, extra_info, process)
           ^^^^^^^^^^^^^^^^^^^^^^^^^^^^^^^^^^^^^^^^^^^^^^^^^^^^^^^^^^^^^^^^^^^^^^^^^^^^^^^^^^^^^
  File "/home/manana/Documentos/yt-downloader/venv/lib/python3.12/site-packages/yt_dlp/YoutubeDL.py", line 1663, in wrapper
    self.report_error(str(e), e.format_traceback())
  File "/home/manana/Documentos/yt-downloader/venv/lib/python3.12/site-packages/yt_dlp/YoutubeDL.py", line 1103, in report_error
    self.trouble(f'{self._format_err("ERROR:", self.Styles.ERROR)} {message}', *args, **kwargs)
  File "/home/manana/Documentos/yt-downloader/venv/lib/python3.12/site-packages/yt_dlp/YoutubeDL.py", line 1042, in trouble
    raise DownloadError(message, exc_info)
yt_dlp.utils.DownloadError: [0;31mERROR:[0m [vimeo] 151735928: The web client only works when logged-in. Use --cookies, --cookies-from-browser, --username and --password, --netrc-cmd, or --netrc (vimeo) to provide account credentials. See  https://github.com/yt-dlp/yt-dlp/wiki/FAQ#how-do-i-pass-cookies-to-yt-dlp  for how to manually pass cookies
2025-11-25 11:34:09,232 - werkzeug - INFO - 127.0.0.1 - - [25/Nov/2025 11:34:09] "[35m[1mPOST /api/format HTTP/1.1[0m" 500 -
2025-11-25 11:35:44,378 - __main__ - INFO - API request - Get format info for: https://www.bilibili.com/video/BV1qFUHBkETB/?spm_id_from=333.1007.tianma.4-1-11.click
2025-11-25 11:35:44,378 - __main__ - INFO - Fetching video info for URL: https://www.bilibili.com/video/BV1qFUHBkETB/?spm_id_from=333.1007.tianma.4-1-11.click
2025-11-25 11:35:47,253 - werkzeug - INFO - 127.0.0.1 - - [25/Nov/2025 11:35:47] "POST /api/format HTTP/1.1" 200 -
2025-11-25 11:35:51,624 - werkzeug - INFO - 127.0.0.1 - - [25/Nov/2025 11:35:51] "GET / HTTP/1.1" 200 -
2025-11-25 11:35:51,634 - werkzeug - INFO - 127.0.0.1 - - [25/Nov/2025 11:35:51] "GET /static/animations.css HTTP/1.1" 200 -
2025-11-25 11:35:51,639 - werkzeug - INFO - 127.0.0.1 - - [25/Nov/2025 11:35:51] "GET /static/script.js HTTP/1.1" 200 -
2025-11-25 11:35:51,992 - werkzeug - INFO - 127.0.0.1 - - [25/Nov/2025 11:35:51] "[33mGET /favicon.ico HTTP/1.1[0m" 404 -
2025-11-25 11:35:53,615 - __main__ - INFO - API request - Get format info for: https://www.bilibili.com/video/BV1qFUHBkETB/?spm_id_from=333.1007.tianma.4-1-11.click
2025-11-25 11:35:53,616 - __main__ - INFO - Fetching video info for URL: https://www.bilibili.com/video/BV1qFUHBkETB/?spm_id_from=333.1007.tianma.4-1-11.click
2025-11-25 11:35:56,205 - werkzeug - INFO - 127.0.0.1 - - [25/Nov/2025 11:35:56] "POST /api/format HTTP/1.1" 200 -
2025-11-25 11:36:07,599 - __main__ - INFO - API request - Start download: https://www.bilibili.com/video/BV1qFUHBkETB/?spm_id_from=333.1007.tianma.4-1-11.click, Format: 100026+30280
2025-11-25 11:36:09,869 - __main__ - INFO - Preparing download - File: 薯片实力排行 - [1080P 高清+30280 - audio only].mp4, Size: None bytes
2025-11-25 11:36:09,869 - __main__ - WARNING - File size unknown, skipping space check
2025-11-25 11:36:12,079 - __main__ - ERROR - Error during download: [0;31mERROR:[0m You have requested merging of multiple formats but ffmpeg is not installed. Aborting due to --abort-on-error
Traceback (most recent call last):
  File "/home/manana/Documentos/yt-downloader/app.py", line 197, in download
    ydl.download([url])
  File "/home/manana/Documentos/yt-downloader/venv/lib/python3.12/site-packages/yt_dlp/YoutubeDL.py", line 3611, in download
    self.__download_wrapper(self.extract_info)(
  File "/home/manana/Documentos/yt-downloader/venv/lib/python3.12/site-packages/yt_dlp/YoutubeDL.py", line 3584, in wrapper
    res = func(*args, **kwargs)
          ^^^^^^^^^^^^^^^^^^^^^
  File "/home/manana/Documentos/yt-downloader/venv/lib/python3.12/site-packages/yt_dlp/YoutubeDL.py", line 1634, in extract_info
    return self.__extract_info(url, self.get_info_extractor(key), download, extra_info, process)
           ^^^^^^^^^^^^^^^^^^^^^^^^^^^^^^^^^^^^^^^^^^^^^^^^^^^^^^^^^^^^^^^^^^^^^^^^^^^^^^^^^^^^^
  File "/home/manana/Documentos/yt-downloader/venv/lib/python3.12/site-packages/yt_dlp/YoutubeDL.py", line 1645, in wrapper
    return func(self, *args, **kwargs)
           ^^^^^^^^^^^^^^^^^^^^^^^^^^^
  File "/home/manana/Documentos/yt-downloader/venv/lib/python3.12/site-packages/yt_dlp/YoutubeDL.py", line 1801, in __extract_info
    return self.process_ie_result(ie_result, download, extra_info)
           ^^^^^^^^^^^^^^^^^^^^^^^^^^^^^^^^^^^^^^^^^^^^^^^^^^^^^^^
  File "/home/manana/Documentos/yt-downloader/venv/lib/python3.12/site-packages/yt_dlp/YoutubeDL.py", line 1860, in process_ie_result
    ie_result = self.process_video_result(ie_result, download=download)
                ^^^^^^^^^^^^^^^^^^^^^^^^^^^^^^^^^^^^^^^^^^^^^^^^^^^^^^^
  File "/home/manana/Documentos/yt-downloader/venv/lib/python3.12/site-packages/yt_dlp/YoutubeDL.py", line 3038, in process_video_result
    self.process_info(new_info)
  File "/home/manana/Documentos/yt-downloader/venv/lib/python3.12/site-packages/yt_dlp/YoutubeDL.py", line 187, in wrapper
    return func(self, *args, **kwargs)
           ^^^^^^^^^^^^^^^^^^^^^^^^^^^
  File "/home/manana/Documentos/yt-downloader/venv/lib/python3.12/site-packages/yt_dlp/YoutubeDL.py", line 3443, in process_info
    self.report_error(f'{msg}. Aborting due to --abort-on-error')
  File "/home/manana/Documentos/yt-downloader/venv/lib/python3.12/site-packages/yt_dlp/YoutubeDL.py", line 1103, in report_error
    self.trouble(f'{self._format_err("ERROR:", self.Styles.ERROR)} {message}', *args, **kwargs)
  File "/home/manana/Documentos/yt-downloader/venv/lib/python3.12/site-packages/yt_dlp/YoutubeDL.py", line 1042, in trouble
    raise DownloadError(message, exc_info)
yt_dlp.utils.DownloadError: [0;31mERROR:[0m You have requested merging of multiple formats but ffmpeg is not installed. Aborting due to --abort-on-error
2025-11-25 11:36:12,081 - werkzeug - INFO - 127.0.0.1 - - [25/Nov/2025 11:36:12] "[35m[1mPOST /api/startDownload HTTP/1.1[0m" 500 -
2025-11-25 11:36:27,577 - __main__ - INFO - API request - Start download: https://www.bilibili.com/video/BV1qFUHBkETB/?spm_id_from=333.1007.tianma.4-1-11.click, Format: 100026
2025-11-25 11:36:30,943 - __main__ - INFO - Preparing download - File: 薯片实力排行 - [1080P 高清].mp4, Size: None bytes
2025-11-25 11:36:30,944 - __main__ - WARNING - File size unknown, skipping space check
2025-11-25 11:36:34,377 - __main__ - INFO - Download completed: downloads/薯片实力排行 - [1080P 高清].mp4
2025-11-25 11:36:34,389 - __main__ - INFO - Download successful: 薯片实力排行 - [1080P 高清].mp4
2025-11-25 11:36:34,389 - werkzeug - INFO - 127.0.0.1 - - [25/Nov/2025 11:36:34] "POST /api/startDownload HTTP/1.1" 200 -
2025-11-25 11:36:34,405 - __main__ - INFO - API request - Download file: 薯片实力排行 - [1080P 高清].mp4
2025-11-25 11:36:34,405 - __main__ - INFO - Sending file: 薯片实力排行 - [1080P 高清].mp4
2025-11-25 11:36:34,406 - werkzeug - INFO - 127.0.0.1 - - [25/Nov/2025 11:36:34] "GET /api/download/薯片实力排行%20-%20[1080P%20高清].mp4 HTTP/1.1" 200 -
2025-11-25 11:40:14,270 - __main__ - INFO - Starting application...
2025-11-25 11:40:14,271 - __main__ - INFO - Flask port configured: 6776
2025-11-25 11:40:14,271 - __main__ - WARNING - YouTube cookies file not found
2025-11-25 11:40:14,271 - __main__ - INFO - Running Flask app on port 6776, debug=False
2025-11-25 11:40:14,284 - werkzeug - INFO - [31m[1mWARNING: This is a development server. Do not use it in a production deployment. Use a production WSGI server instead.[0m
 * Running on all addresses (0.0.0.0)
 * Running on http://127.0.0.1:6776
 * Running on http://100.87.253.128:6776
2025-11-25 11:40:14,284 - werkzeug - INFO - [33mPress CTRL+C to quit[0m
2025-11-25 11:40:14,284 - werkzeug - INFO -  * Restarting with stat
2025-11-25 11:40:14,543 - __main__ - INFO - Starting application...
2025-11-25 11:40:14,543 - __main__ - INFO - Flask port configured: 6776
2025-11-25 11:40:14,543 - __main__ - WARNING - YouTube cookies file not found
2025-11-25 11:40:14,543 - __main__ - INFO - Running Flask app on port 6776, debug=False
2025-11-25 11:40:14,548 - werkzeug - WARNING -  * Debugger is active!
2025-11-25 11:40:14,550 - werkzeug - INFO -  * Debugger PIN: 569-186-393
2025-11-25 11:40:16,326 - __main__ - INFO - API request - Start download: https://www.bilibili.com/video/BV1qFUHBkETB/?spm_id_from=333.1007.tianma.4-1-11.click, Format: 100026
2025-11-25 11:40:19,366 - __main__ - INFO - Preparing download - File: 薯片实力排行 - [1080P 高清].mp4, Size: None bytes
2025-11-25 11:40:19,367 - __main__ - WARNING - File size unknown, skipping space check
2025-11-25 11:40:21,518 - __main__ - INFO - Download completed: downloads/薯片实力排行 - [1080P 高清].mp4
2025-11-25 11:40:21,530 - __main__ - INFO - Download successful: 薯片实力排行 - [1080P 高清].mp4
2025-11-25 11:40:21,530 - werkzeug - INFO - 127.0.0.1 - - [25/Nov/2025 11:40:21] "POST /api/startDownload HTTP/1.1" 200 -
2025-11-25 11:40:21,537 - __main__ - INFO - API request - Download file: 薯片实力排行 - [1080P 高清].mp4
2025-11-25 11:40:21,537 - __main__ - INFO - Sending file: 薯片实力排行 - [1080P 高清].mp4
2025-11-25 11:40:21,540 - werkzeug - INFO - 127.0.0.1 - - [25/Nov/2025 11:40:21] "GET /api/download/薯片实力排行%20-%20[1080P%20高清].mp4 HTTP/1.1" 200 -
2025-11-25 11:45:23,577 - werkzeug - INFO -  * Detected change in '/home/manana/Documentos/yt-downloader/app.py', reloading
2025-11-25 11:45:23,665 - werkzeug - INFO -  * Restarting with stat
2025-11-25 11:45:23,896 - __main__ - INFO - Starting application...
2025-11-25 11:45:23,896 - __main__ - INFO - Flask port configured: 6776
2025-11-25 11:45:23,896 - __main__ - WARNING - YouTube cookies file not found
2025-11-25 11:45:23,896 - __main__ - INFO - Running Flask app on port 6776, debug=False
2025-11-25 11:45:23,902 - werkzeug - WARNING -  * Debugger is active!
2025-11-25 11:45:23,904 - werkzeug - INFO -  * Debugger PIN: 569-186-393
2025-11-25 11:46:07,046 - werkzeug - INFO -  * Detected change in '/home/manana/Documentos/yt-downloader/app.py', reloading
2025-11-25 11:46:07,121 - werkzeug - INFO -  * Restarting with stat
2025-11-25 11:46:07,346 - __main__ - INFO - Starting application...
2025-11-25 11:46:07,346 - __main__ - INFO - Flask port configured: 6776
2025-11-25 11:46:07,346 - __main__ - WARNING - YouTube cookies file not found
2025-11-25 11:46:07,347 - __main__ - INFO - Running Flask app on port 6776, debug=False
2025-11-25 11:46:07,352 - werkzeug - WARNING -  * Debugger is active!
2025-11-25 11:46:07,354 - werkzeug - INFO -  * Debugger PIN: 569-186-393
2025-11-25 11:46:10,370 - werkzeug - INFO -  * Detected change in '/home/manana/Documentos/yt-downloader/app.py', reloading
2025-11-25 11:46:10,441 - werkzeug - INFO -  * Restarting with stat
2025-11-25 11:46:10,665 - __main__ - INFO - Starting application...
2025-11-25 11:46:10,665 - __main__ - INFO - Flask port configured: 6776
2025-11-25 11:46:10,665 - __main__ - WARNING - YouTube cookies file not found
2025-11-25 11:46:10,665 - __main__ - INFO - Running Flask app on port 6776, debug=False
2025-11-25 11:46:10,670 - werkzeug - WARNING -  * Debugger is active!
2025-11-25 11:46:10,672 - werkzeug - INFO -  * Debugger PIN: 569-186-393
2025-11-25 11:48:11,067 - werkzeug - INFO -  * Detected change in '/home/manana/Documentos/yt-downloader/app.py', reloading
2025-11-25 11:48:11,141 - werkzeug - INFO -  * Restarting with stat
2025-11-25 11:48:11,368 - __main__ - INFO - Starting application...
2025-11-25 11:48:11,368 - __main__ - INFO - Flask port configured: 6776
2025-11-25 11:48:11,368 - __main__ - WARNING - YouTube cookies file not found
2025-11-25 11:48:11,368 - __main__ - INFO - Running Flask app on port 6776, debug=False
2025-11-25 11:48:11,373 - werkzeug - WARNING -  * Debugger is active!
2025-11-25 11:48:11,375 - werkzeug - INFO -  * Debugger PIN: 569-186-393
2025-11-25 11:48:22,419 - werkzeug - INFO -  * Detected change in '/home/manana/Documentos/yt-downloader/app.py', reloading
2025-11-25 11:48:22,491 - werkzeug - INFO -  * Restarting with stat
2025-11-25 11:48:22,715 - __main__ - INFO - Starting application...
2025-11-25 11:48:22,716 - __main__ - INFO - Flask port configured: 6776
2025-11-25 11:48:22,716 - __main__ - WARNING - YouTube cookies file not found
2025-11-25 11:48:22,716 - __main__ - INFO - Running Flask app on port 6776, debug=False
2025-11-25 11:48:22,721 - werkzeug - WARNING -  * Debugger is active!
2025-11-25 11:48:22,723 - werkzeug - INFO -  * Debugger PIN: 569-186-393
2025-11-25 11:48:31,527 - __main__ - INFO - API request - Start download: https://www.bilibili.com/video/BV1qFUHBkETB/?spm_id_from=333.1007.tianma.4-1-11.click, Format: 100026
2025-11-25 11:48:34,847 - __main__ - INFO - File 薯片实力排行 - [1080P 高清].mp4 found in disk, skipping download
2025-11-25 11:48:34,847 - werkzeug - INFO - 127.0.0.1 - - [25/Nov/2025 11:48:34] "POST /api/startDownload HTTP/1.1" 200 -
2025-11-25 11:48:34,852 - __main__ - INFO - API request - Download file: 薯片实力排行 - [1080P 高清].mp4
2025-11-25 11:48:34,852 - __main__ - INFO - Sending file: 薯片实力排行 - [1080P 高清].mp4
2025-11-25 11:48:34,855 - werkzeug - INFO - 127.0.0.1 - - [25/Nov/2025 11:48:34] "GET /api/download/薯片实力排行%20-%20[1080P%20高清].mp4 HTTP/1.1" 200 -
2025-11-25 11:49:00,857 - werkzeug - INFO -  * Detected change in '/home/manana/Documentos/yt-downloader/app.py', reloading
2025-11-25 11:49:00,943 - werkzeug - INFO -  * Restarting with stat
2025-11-25 11:49:01,162 - __main__ - INFO - Starting application...
2025-11-25 11:49:01,163 - __main__ - INFO - Flask port configured: 6776
2025-11-25 11:49:01,163 - __main__ - WARNING - YouTube cookies file not found
2025-11-25 11:49:01,163 - __main__ - INFO - Running Flask app on port 6776, debug=False
2025-11-25 11:49:01,167 - werkzeug - WARNING -  * Debugger is active!
2025-11-25 11:49:01,170 - werkzeug - INFO -  * Debugger PIN: 569-186-393
2025-11-25 11:49:55,348 - werkzeug - INFO -  * Detected change in '/home/manana/Documentos/yt-downloader/app.py', reloading
2025-11-25 11:49:55,418 - werkzeug - INFO -  * Restarting with stat
2025-11-25 11:49:55,642 - __main__ - INFO - Starting application...
2025-11-25 11:49:55,642 - __main__ - INFO - Flask port configured: 6776
2025-11-25 11:49:55,642 - __main__ - WARNING - YouTube cookies file not found
2025-11-25 11:49:55,642 - __main__ - INFO - Running Flask app on port 6776, debug=False
2025-11-25 11:49:55,648 - werkzeug - WARNING -  * Debugger is active!
2025-11-25 11:49:55,651 - werkzeug - INFO -  * Debugger PIN: 569-186-393
2025-11-25 11:50:06,693 - werkzeug - INFO -  * Detected change in '/home/manana/Documentos/yt-downloader/app.py', reloading
2025-11-25 11:50:06,762 - werkzeug - INFO -  * Restarting with stat
2025-11-25 11:50:07,013 - __main__ - INFO - Starting application...
2025-11-25 11:50:07,013 - __main__ - INFO - Flask port configured: 6776
2025-11-25 11:50:07,013 - __main__ - WARNING - YouTube cookies file not found
2025-11-25 11:50:07,013 - __main__ - INFO - Running Flask app on port 6776, debug=False
2025-11-25 11:50:07,018 - werkzeug - WARNING -  * Debugger is active!
2025-11-25 11:50:07,020 - werkzeug - INFO -  * Debugger PIN: 569-186-393
2025-11-25 11:50:18,062 - werkzeug - INFO -  * Detected change in '/home/manana/Documentos/yt-downloader/app.py', reloading
2025-11-25 11:50:18,150 - werkzeug - INFO -  * Restarting with stat
2025-11-25 11:50:18,366 - __main__ - INFO - Starting application...
2025-11-25 11:50:18,367 - __main__ - INFO - Flask port configured: 6776
2025-11-25 11:50:18,367 - __main__ - WARNING - YouTube cookies file not found
2025-11-25 11:50:18,367 - __main__ - INFO - Running Flask app on port 6776, debug=False
2025-11-25 11:50:18,372 - werkzeug - WARNING -  * Debugger is active!
2025-11-25 11:50:18,374 - werkzeug - INFO -  * Debugger PIN: 569-186-393
2025-11-25 11:51:24,592 - werkzeug - INFO -  * Detected change in '/home/manana/Documentos/yt-downloader/app.py', reloading
2025-11-25 11:51:24,679 - werkzeug - INFO -  * Restarting with stat
2025-11-25 11:51:24,931 - __main__ - INFO - Starting application...
2025-11-25 11:51:24,931 - __main__ - INFO - Flask port configured: 6776
2025-11-25 11:51:24,931 - __main__ - WARNING - YouTube cookies file not found
2025-11-25 11:51:24,931 - __main__ - INFO - Running Flask app on port 6776, debug=False
2025-11-25 11:51:24,938 - werkzeug - WARNING -  * Debugger is active!
2025-11-25 11:51:24,941 - werkzeug - INFO -  * Debugger PIN: 569-186-393
2025-11-25 11:51:27,959 - werkzeug - INFO -  * Detected change in '/home/manana/Documentos/yt-downloader/app.py', reloading
2025-11-25 11:51:28,041 - werkzeug - INFO -  * Restarting with stat
2025-11-25 11:51:28,275 - __main__ - INFO - Starting application...
2025-11-25 11:51:28,275 - __main__ - INFO - Flask port configured: 6776
2025-11-25 11:51:28,275 - __main__ - WARNING - YouTube cookies file not found
2025-11-25 11:51:28,276 - __main__ - INFO - Running Flask app on port 6776, debug=False
2025-11-25 11:51:28,281 - werkzeug - WARNING -  * Debugger is active!
2025-11-25 11:51:28,283 - werkzeug - INFO -  * Debugger PIN: 569-186-393
2025-11-25 11:51:46,351 - werkzeug - INFO -  * Detected change in '/home/manana/Documentos/yt-downloader/app.py', reloading
2025-11-25 11:51:46,419 - werkzeug - INFO -  * Restarting with stat
2025-11-25 11:51:46,655 - __main__ - INFO - Starting application...
2025-11-25 11:51:46,655 - __main__ - INFO - Flask port configured: 6776
2025-11-25 11:51:46,655 - __main__ - WARNING - YouTube cookies file not found
2025-11-25 11:51:46,655 - __main__ - INFO - Running Flask app on port 6776, debug=False
2025-11-25 11:51:46,661 - werkzeug - WARNING -  * Debugger is active!
2025-11-25 11:51:46,663 - werkzeug - INFO -  * Debugger PIN: 569-186-393
2025-11-25 11:52:25,795 - werkzeug - INFO -  * Detected change in '/home/manana/Documentos/yt-downloader/app.py', reloading
2025-11-25 11:52:25,870 - werkzeug - INFO -  * Restarting with stat
2025-11-25 11:52:26,106 - __main__ - INFO - Starting application...
2025-11-25 11:52:26,106 - __main__ - INFO - Flask port configured: 6776
2025-11-25 11:52:26,106 - __main__ - WARNING - YouTube cookies file not found
2025-11-25 11:52:26,106 - __main__ - INFO - Running Flask app on port 6776, debug=False
2025-11-25 11:52:26,111 - werkzeug - WARNING -  * Debugger is active!
2025-11-25 11:52:26,114 - werkzeug - INFO -  * Debugger PIN: 569-186-393
2025-11-25 11:54:17,247 - __main__ - INFO - API request - Get format info for: https://www.youtube-nocookie.com/watch?v=XW3hUX0Akzs
2025-11-25 11:54:17,247 - __main__ - INFO - Fetching video info for URL: https://www.youtube-nocookie.com/watch?v=XW3hUX0Akzs
2025-11-25 11:54:21,218 - werkzeug - INFO - 127.0.0.1 - - [25/Nov/2025 11:54:21] "POST /api/format HTTP/1.1" 200 -
2025-11-25 11:54:32,979 - __main__ - INFO - API request - Start download: https://www.youtube-nocookie.com/watch?v=XW3hUX0Akzs, Format: 394
2025-11-25 11:54:32,979 - root - ERROR - Unable to download from www.youtube-nocookie.com due to missing cookies.
NoneType: None
2025-11-25 11:54:33,013 - werkzeug - INFO - 127.0.0.1 - - [25/Nov/2025 11:54:33] "[35m[1mPOST /api/startDownload HTTP/1.1[0m" 500 -
2025-11-25 11:54:48,811 - werkzeug - INFO -  * Detected change in '/home/manana/Documentos/yt-downloader/app.py', reloading
2025-11-25 11:54:48,925 - werkzeug - INFO -  * Restarting with stat
2025-11-25 11:54:49,156 - __main__ - INFO - Starting application...
2025-11-25 11:54:49,156 - __main__ - INFO - Flask port configured: 6776
2025-11-25 11:54:49,157 - __main__ - WARNING - YouTube cookies file not found
2025-11-25 11:54:49,157 - __main__ - INFO - Running Flask app on port 6776, debug=False
2025-11-25 11:54:49,162 - werkzeug - WARNING -  * Debugger is active!
2025-11-25 11:54:49,165 - werkzeug - INFO -  * Debugger PIN: 569-186-393
2025-11-25 11:54:53,612 - __main__ - INFO - API request - Get format info for: https://www.youtube-nocookie.com/watch?v=XW3hUX0Akzs
2025-11-25 11:54:53,612 - __main__ - INFO - Fetching video info for URL: https://www.youtube-nocookie.com/watch?v=XW3hUX0Akzs
2025-11-25 11:54:57,531 - werkzeug - INFO - 127.0.0.1 - - [25/Nov/2025 11:54:57] "POST /api/format HTTP/1.1" 200 -
2025-11-25 11:54:58,786 - __main__ - INFO - API request - Start download: https://www.youtube-nocookie.com/watch?v=XW3hUX0Akzs, Format: 399+251-1
2025-11-25 11:54:58,786 - root - ERROR - Unable to download from www.youtube-nocookie.com due to missing cookies.
NoneType: None
2025-11-25 11:54:58,820 - werkzeug - INFO - 127.0.0.1 - - [25/Nov/2025 11:54:58] "[35m[1mPOST /api/startDownload HTTP/1.1[0m" 500 -
2025-11-25 11:55:09,238 - werkzeug - INFO -  * Detected change in '/home/manana/Documentos/yt-downloader/app.py', reloading
2025-11-25 11:55:09,352 - werkzeug - INFO -  * Restarting with stat
2025-11-25 11:55:09,594 - __main__ - INFO - Starting application...
2025-11-25 11:55:09,595 - __main__ - INFO - Flask port configured: 6776
2025-11-25 11:55:09,595 - __main__ - WARNING - YouTube cookies file not found
2025-11-25 11:55:09,595 - __main__ - INFO - Running Flask app on port 6776, debug=False
2025-11-25 11:55:09,601 - werkzeug - WARNING -  * Debugger is active!
2025-11-25 11:55:09,604 - werkzeug - INFO -  * Debugger PIN: 569-186-393
2025-11-25 11:55:11,283 - __main__ - INFO - API request - Get format info for: https://www.youtube-nocookie.com/watch?v=XW3hUX0Akzs
2025-11-25 11:55:11,283 - __main__ - INFO - Fetching video info for URL: https://www.youtube-nocookie.com/watch?v=XW3hUX0Akzs
2025-11-25 11:55:14,440 - werkzeug - INFO - 127.0.0.1 - - [25/Nov/2025 11:55:14] "POST /api/format HTTP/1.1" 200 -
2025-11-25 11:55:15,527 - __main__ - INFO - API request - Start download: https://www.youtube-nocookie.com/watch?v=XW3hUX0Akzs, Format: 399+251-1
2025-11-25 11:55:18,872 - __main__ - INFO - Preparing download - File: Restaurar un Coche Abandonado de 1934 (+800% de Potencia) - [399 - 1920x1080 (1080p60)+251-1 - audio only (Spanish (US) original, medium)].webm, Size: None bytes
2025-11-25 11:55:18,872 - __main__ - WARNING - File size unknown, skipping space check
2025-11-25 11:55:21,833 - __main__ - ERROR - Error during download: [0;31mERROR:[0m You have requested merging of multiple formats but ffmpeg is not installed. Aborting due to --abort-on-error
Traceback (most recent call last):
  File "/home/manana/Documentos/yt-downloader/app.py", line 208, in download
    ydl.download([url])
  File "/home/manana/Documentos/yt-downloader/venv/lib/python3.12/site-packages/yt_dlp/YoutubeDL.py", line 3611, in download
    self.__download_wrapper(self.extract_info)(
  File "/home/manana/Documentos/yt-downloader/venv/lib/python3.12/site-packages/yt_dlp/YoutubeDL.py", line 3584, in wrapper
    res = func(*args, **kwargs)
          ^^^^^^^^^^^^^^^^^^^^^
  File "/home/manana/Documentos/yt-downloader/venv/lib/python3.12/site-packages/yt_dlp/YoutubeDL.py", line 1634, in extract_info
    return self.__extract_info(url, self.get_info_extractor(key), download, extra_info, process)
           ^^^^^^^^^^^^^^^^^^^^^^^^^^^^^^^^^^^^^^^^^^^^^^^^^^^^^^^^^^^^^^^^^^^^^^^^^^^^^^^^^^^^^
  File "/home/manana/Documentos/yt-downloader/venv/lib/python3.12/site-packages/yt_dlp/YoutubeDL.py", line 1645, in wrapper
    return func(self, *args, **kwargs)
           ^^^^^^^^^^^^^^^^^^^^^^^^^^^
  File "/home/manana/Documentos/yt-downloader/venv/lib/python3.12/site-packages/yt_dlp/YoutubeDL.py", line 1801, in __extract_info
    return self.process_ie_result(ie_result, download, extra_info)
           ^^^^^^^^^^^^^^^^^^^^^^^^^^^^^^^^^^^^^^^^^^^^^^^^^^^^^^^
  File "/home/manana/Documentos/yt-downloader/venv/lib/python3.12/site-packages/yt_dlp/YoutubeDL.py", line 1860, in process_ie_result
    ie_result = self.process_video_result(ie_result, download=download)
                ^^^^^^^^^^^^^^^^^^^^^^^^^^^^^^^^^^^^^^^^^^^^^^^^^^^^^^^
  File "/home/manana/Documentos/yt-downloader/venv/lib/python3.12/site-packages/yt_dlp/YoutubeDL.py", line 3038, in process_video_result
    self.process_info(new_info)
  File "/home/manana/Documentos/yt-downloader/venv/lib/python3.12/site-packages/yt_dlp/YoutubeDL.py", line 187, in wrapper
    return func(self, *args, **kwargs)
           ^^^^^^^^^^^^^^^^^^^^^^^^^^^
  File "/home/manana/Documentos/yt-downloader/venv/lib/python3.12/site-packages/yt_dlp/YoutubeDL.py", line 3443, in process_info
    self.report_error(f'{msg}. Aborting due to --abort-on-error')
  File "/home/manana/Documentos/yt-downloader/venv/lib/python3.12/site-packages/yt_dlp/YoutubeDL.py", line 1103, in report_error
    self.trouble(f'{self._format_err("ERROR:", self.Styles.ERROR)} {message}', *args, **kwargs)
  File "/home/manana/Documentos/yt-downloader/venv/lib/python3.12/site-packages/yt_dlp/YoutubeDL.py", line 1042, in trouble
    raise DownloadError(message, exc_info)
yt_dlp.utils.DownloadError: [0;31mERROR:[0m You have requested merging of multiple formats but ffmpeg is not installed. Aborting due to --abort-on-error
2025-11-25 11:55:21,836 - werkzeug - INFO - 127.0.0.1 - - [25/Nov/2025 11:55:21] "[35m[1mPOST /api/startDownload HTTP/1.1[0m" 500 -
2025-11-25 11:56:33,087 - werkzeug - INFO -  * Detected change in '/home/manana/Documentos/yt-downloader/app.py', reloading
2025-11-25 11:56:33,198 - werkzeug - INFO -  * Restarting with stat
2025-11-25 11:56:33,415 - __main__ - INFO - Starting application...
2025-11-25 11:56:33,415 - __main__ - INFO - Flask port configured: 6776
2025-11-25 11:56:33,415 - __main__ - WARNING - YouTube cookies file not found
2025-11-25 11:56:33,416 - __main__ - INFO - Running Flask app on port 6776, debug=False
2025-11-25 11:56:33,420 - werkzeug - WARNING -  * Debugger is active!
2025-11-25 11:56:33,423 - werkzeug - INFO -  * Debugger PIN: 569-186-393
2025-11-25 11:57:35,636 - werkzeug - INFO -  * Detected change in '/home/manana/Documentos/yt-downloader/app.py', reloading
2025-11-25 11:57:35,700 - werkzeug - INFO -  * Restarting with stat
2025-11-25 11:57:35,928 - __main__ - INFO - Starting application...
2025-11-25 11:57:35,929 - __main__ - INFO - Flask port configured: 6776
2025-11-25 11:57:35,929 - __main__ - WARNING - YouTube cookies file not found
2025-11-25 11:57:35,929 - __main__ - INFO - Running Flask app on port 6776, debug=False
2025-11-25 11:57:35,934 - werkzeug - WARNING -  * Debugger is active!
2025-11-25 11:57:35,936 - werkzeug - INFO -  * Debugger PIN: 569-186-393
2025-11-25 12:00:32,531 - werkzeug - INFO -  * Detected change in '/home/manana/Documentos/yt-downloader/app.py', reloading
2025-11-25 12:00:32,603 - werkzeug - INFO -  * Restarting with stat
2025-11-25 12:00:32,851 - __main__ - INFO - Starting application...
2025-11-25 12:00:32,851 - __main__ - INFO - Flask port configured: 6776
2025-11-25 12:00:32,851 - __main__ - WARNING - YouTube cookies file not found
2025-11-25 12:00:32,852 - __main__ - INFO - Running Flask app on port 6776, debug=False
2025-11-25 12:00:32,858 - werkzeug - WARNING -  * Debugger is active!
2025-11-25 12:00:32,860 - werkzeug - INFO -  * Debugger PIN: 569-186-393
2025-11-25 12:00:39,311 - __main__ - INFO - API request - Start download: https://www.youtube-nocookie.com/watch?v=XW3hUX0Akzs, Format: 134+251-1
2025-11-25 12:00:39,311 - root - ERROR - Unable to download from www.youtube-nocookie.com due to missing cookies.
NoneType: None
2025-11-25 12:00:39,311 - werkzeug - INFO - 127.0.0.1 - - [25/Nov/2025 12:00:39] "[35m[1mPOST /api/startDownload HTTP/1.1[0m" 500 -
2025-11-25 12:00:42,295 - __main__ - INFO - API request - Start download: https://www.youtube-nocookie.com/watch?v=XW3hUX0Akzs, Format: 134+251-1
2025-11-25 12:00:42,295 - root - ERROR - Unable to download from www.youtube-nocookie.com due to missing cookies.
NoneType: None
2025-11-25 12:00:42,295 - werkzeug - INFO - 127.0.0.1 - - [25/Nov/2025 12:00:42] "[35m[1mPOST /api/startDownload HTTP/1.1[0m" 500 -
2025-11-25 12:00:43,542 - __main__ - INFO - API request - Start download: https://www.youtube-nocookie.com/watch?v=XW3hUX0Akzs, Format: 134+251-1
2025-11-25 12:00:43,542 - root - ERROR - Unable to download from www.youtube-nocookie.com due to missing cookies.
NoneType: None
2025-11-25 12:00:43,542 - werkzeug - INFO - 127.0.0.1 - - [25/Nov/2025 12:00:43] "[35m[1mPOST /api/startDownload HTTP/1.1[0m" 500 -
2025-11-25 12:00:43,710 - __main__ - INFO - API request - Start download: https://www.youtube-nocookie.com/watch?v=XW3hUX0Akzs, Format: 134+251-1
2025-11-25 12:00:43,710 - root - ERROR - Unable to download from www.youtube-nocookie.com due to missing cookies.
NoneType: None
2025-11-25 12:00:43,710 - werkzeug - INFO - 127.0.0.1 - - [25/Nov/2025 12:00:43] "[35m[1mPOST /api/startDownload HTTP/1.1[0m" 500 -
2025-11-25 12:01:11,909 - __main__ - INFO - API request - Get format info for: https://www.bilibili.com/video/BV1qFUHBkETB/?spm_id_from=333.1007.tianma.4-1-11.click
2025-11-25 12:01:11,909 - __main__ - INFO - Fetching video info for URL: https://www.bilibili.com/video/BV1qFUHBkETB/?spm_id_from=333.1007.tianma.4-1-11.click
2025-11-25 12:01:20,714 - werkzeug - INFO - 127.0.0.1 - - [25/Nov/2025 12:01:20] "POST /api/format HTTP/1.1" 200 -
2025-11-25 12:01:34,321 - __main__ - INFO - API request - Start download: https://www.bilibili.com/video/BV1qFUHBkETB/?spm_id_from=333.1007.tianma.4-1-11.click, Format: 30016
2025-11-25 12:01:37,044 - __main__ - INFO - Preparing download - File: 薯片实力排行 - [360P 流畅].mp4, Size: None bytes
2025-11-25 12:01:37,044 - __main__ - WARNING - File size unknown, skipping space check
2025-11-25 12:01:44,984 - __main__ - INFO - Download completed: downloads/薯片实力排行 - [360P 流畅].mp4
2025-11-25 12:01:44,998 - __main__ - INFO - Download successful: 薯片实力排行 - [360P 流畅].mp4
2025-11-25 12:01:44,998 - werkzeug - INFO - 127.0.0.1 - - [25/Nov/2025 12:01:44] "POST /api/startDownload HTTP/1.1" 200 -
2025-11-25 12:01:45,018 - __main__ - INFO - API request - Download file: 薯片实力排行 - [360P 流畅].mp4
2025-11-25 12:01:45,018 - __main__ - INFO - Sending file: 薯片实力排行 - [360P 流畅].mp4
2025-11-25 12:01:45,023 - werkzeug - INFO - 127.0.0.1 - - [25/Nov/2025 12:01:45] "GET /api/download/薯片实力排行%20-%20[360P%20流畅].mp4 HTTP/1.1" 200 -
2025-11-25 12:04:06,628 - werkzeug - INFO -  * Detected change in '/home/manana/Documentos/yt-downloader/app.py', reloading
2025-11-25 12:04:06,729 - werkzeug - INFO -  * Restarting with stat
2025-11-25 12:04:06,998 - __main__ - INFO - Starting application...
2025-11-25 12:04:06,999 - __main__ - INFO - Flask port configured: 6776
2025-11-25 12:04:06,999 - __main__ - WARNING - YouTube cookies file not found
2025-11-25 12:04:06,999 - __main__ - INFO - Running Flask app on port 6776, debug=False
2025-11-25 12:04:07,005 - werkzeug - WARNING -  * Debugger is active!
2025-11-25 12:04:07,008 - werkzeug - INFO -  * Debugger PIN: 569-186-393
2025-11-25 12:04:08,019 - werkzeug - INFO -  * Detected change in '/home/manana/Documentos/yt-downloader/app.py', reloading
2025-11-25 12:04:08,090 - werkzeug - INFO -  * Restarting with stat
2025-11-25 12:04:08,310 - __main__ - INFO - Starting application...
2025-11-25 12:04:08,310 - __main__ - INFO - Flask port configured: 6776
2025-11-25 12:04:08,311 - __main__ - WARNING - YouTube cookies file not found
2025-11-25 12:04:08,311 - __main__ - INFO - Running Flask app on port 6776, debug=False
2025-11-25 12:04:08,316 - werkzeug - WARNING -  * Debugger is active!
2025-11-25 12:04:08,319 - werkzeug - INFO -  * Debugger PIN: 569-186-393
2025-11-25 12:04:09,106 - __main__ - INFO - API request - Start download: https://www.bilibili.com/video/BV1qFUHBkETB/?spm_id_from=333.1007.tianma.4-1-11.click, Format: 30016
2025-11-25 12:04:12,124 - __main__ - INFO - File: 薯片实力排行 - [360P 流畅].mp4 found in disk, skipping download.
2025-11-25 12:04:12,125 - werkzeug - INFO - 127.0.0.1 - - [25/Nov/2025 12:04:12] "POST /api/startDownload HTTP/1.1" 200 -
2025-11-25 12:04:12,128 - __main__ - INFO - API request - Download file: 薯片实力排行 - [360P 流畅].mp4
2025-11-25 12:04:12,129 - __main__ - INFO - Sending file: 薯片实力排行 - [360P 流畅].mp4
2025-11-25 12:04:12,132 - werkzeug - INFO - 127.0.0.1 - - [25/Nov/2025 12:04:12] "GET /api/download/薯片实力排行%20-%20[360P%20流畅].mp4 HTTP/1.1" 200 -
2025-11-25 12:04:35,415 - werkzeug - INFO -  * Detected change in '/home/manana/Documentos/yt-downloader/app.py', reloading
2025-11-25 12:04:35,511 - werkzeug - INFO -  * Restarting with stat
2025-11-25 12:04:35,743 - __main__ - INFO - Starting application...
2025-11-25 12:04:35,743 - __main__ - INFO - Flask port configured: 6776
2025-11-25 12:04:35,743 - __main__ - WARNING - YouTube cookies file not found
2025-11-25 12:04:35,743 - __main__ - INFO - Running Flask app on port 6776, debug=False
2025-11-25 12:04:35,748 - werkzeug - WARNING -  * Debugger is active!
2025-11-25 12:04:35,751 - werkzeug - INFO -  * Debugger PIN: 569-186-393
2025-11-25 12:04:38,002 - __main__ - INFO - Starting application...
2025-11-25 12:04:38,003 - __main__ - INFO - Flask port configured: 6776
2025-11-25 12:04:38,003 - __main__ - WARNING - YouTube cookies file not found
2025-11-25 12:04:38,003 - __main__ - INFO - Running Flask app on port 6776, debug=False
2025-11-25 12:04:38,010 - werkzeug - INFO - [31m[1mWARNING: This is a development server. Do not use it in a production deployment. Use a production WSGI server instead.[0m
 * Running on all addresses (0.0.0.0)
 * Running on http://127.0.0.1:6776
 * Running on http://100.87.253.128:6776
2025-11-25 12:04:38,011 - werkzeug - INFO - [33mPress CTRL+C to quit[0m
2025-11-25 12:04:38,011 - werkzeug - INFO -  * Restarting with stat
2025-11-25 12:04:38,226 - __main__ - INFO - Starting application...
2025-11-25 12:04:38,226 - __main__ - INFO - Flask port configured: 6776
2025-11-25 12:04:38,226 - __main__ - WARNING - YouTube cookies file not found
2025-11-25 12:04:38,227 - __main__ - INFO - Running Flask app on port 6776, debug=False
2025-11-25 12:04:38,231 - werkzeug - WARNING -  * Debugger is active!
2025-11-25 12:04:38,234 - werkzeug - INFO -  * Debugger PIN: 569-186-393
2025-11-25 12:04:46,318 - __main__ - INFO - API request - Start download: https://www.bilibili.com/video/BV1qFUHBkETB/?spm_id_from=333.1007.tianma.4-1-11.click, Format: 30016
2025-11-25 12:04:48,991 - __main__ - INFO - Preparing download - File: 薯片实力排行 - [360P 流畅].mp4, Size: None bytes
2025-11-25 12:04:48,991 - __main__ - WARNING - File size unknown, skipping space check
2025-11-25 12:04:51,543 - __main__ - INFO - Download completed: downloads/薯片实力排行 - [360P 流畅].mp4
2025-11-25 12:04:51,556 - __main__ - INFO - Download successful: 薯片实力排行 - [360P 流畅].mp4
2025-11-25 12:04:51,556 - werkzeug - INFO - 127.0.0.1 - - [25/Nov/2025 12:04:51] "POST /api/startDownload HTTP/1.1" 200 -
2025-11-25 12:04:51,560 - __main__ - INFO - API request - Download file: 薯片实力排行 - [360P 流畅].mp4
2025-11-25 12:04:51,560 - __main__ - INFO - Sending file: 薯片实力排行 - [360P 流畅].mp4
2025-11-25 12:04:51,564 - werkzeug - INFO - 127.0.0.1 - - [25/Nov/2025 12:04:51] "GET /api/download/薯片实力排行%20-%20[360P%20流畅].mp4 HTTP/1.1" 200 -
2025-11-25 12:07:33,848 - werkzeug - INFO -  * Detected change in '/home/manana/Documentos/yt-downloader/app.py', reloading
2025-11-25 12:07:33,940 - werkzeug - INFO -  * Restarting with stat
2025-11-25 12:07:34,163 - __main__ - INFO - Starting application...
2025-11-25 12:07:34,163 - __main__ - INFO - Flask port configured: 6776
2025-11-25 12:07:34,163 - __main__ - WARNING - YouTube cookies file not found
2025-11-25 12:07:34,163 - __main__ - INFO - Running Flask app on port 6776, debug=False
2025-11-25 12:07:34,169 - werkzeug - WARNING -  * Debugger is active!
2025-11-25 12:07:34,172 - werkzeug - INFO -  * Debugger PIN: 569-186-393
2025-11-25 12:07:45,091 - __main__ - INFO - API request - Start download: https://www.bilibili.com/video/BV1qFUHBkETB/?spm_id_from=333.1007.tianma.4-1-11.click, Format: 30016
2025-11-25 12:07:48,107 - __main__ - INFO - Preparing download - File: 薯片实力排行 - [360P 流畅].mp4, Size: None bytes
2025-11-25 12:07:48,107 - __main__ - WARNING - File size unknown, skipping space check
2025-11-25 12:07:50,847 - __main__ - INFO - Download completed: downloads/薯片实力排行 - [360P 流畅].mp4
2025-11-25 12:07:50,859 - __main__ - INFO - Download successful: 薯片实力排行 - [360P 流畅].mp4
2025-11-25 12:07:50,859 - werkzeug - INFO - 127.0.0.1 - - [25/Nov/2025 12:07:50] "POST /api/startDownload HTTP/1.1" 200 -
2025-11-25 12:07:50,865 - __main__ - INFO - API request - Download file: 薯片实力排行 - [360P 流畅].mp4
2025-11-25 12:07:50,866 - __main__ - INFO - Sending file: 薯片实力排行 - [360P 流畅].mp4
2025-11-25 12:07:50,868 - werkzeug - INFO - 127.0.0.1 - - [25/Nov/2025 12:07:50] "GET /api/download/薯片实力排行%20-%20[360P%20流畅].mp4 HTTP/1.1" 200 -
2025-11-25 12:09:23,553 - werkzeug - INFO -  * Detected change in '/home/manana/Documentos/yt-downloader/app.py', reloading
2025-11-25 12:09:23,644 - werkzeug - INFO -  * Restarting with stat
2025-11-25 12:09:23,888 - __main__ - INFO - Starting application...
2025-11-25 12:09:23,888 - __main__ - INFO - Flask port configured: 6776
2025-11-25 12:09:23,888 - __main__ - WARNING - YouTube cookies file not found
2025-11-25 12:09:23,888 - __main__ - INFO - Running Flask app on port 6776, debug=False
2025-11-25 12:09:23,894 - werkzeug - WARNING -  * Debugger is active!
2025-11-25 12:09:23,897 - werkzeug - INFO -  * Debugger PIN: 569-186-393
2025-11-25 12:09:29,981 - __main__ - INFO - Starting application...
2025-11-25 12:09:29,981 - __main__ - INFO - Flask port configured: 6776
2025-11-25 12:09:29,981 - __main__ - WARNING - YouTube cookies file not found
2025-11-25 12:09:29,981 - __main__ - INFO - Running Flask app on port 6776, debug=False
2025-11-25 12:09:29,990 - werkzeug - INFO - [31m[1mWARNING: This is a development server. Do not use it in a production deployment. Use a production WSGI server instead.[0m
 * Running on all addresses (0.0.0.0)
 * Running on http://127.0.0.1:6776
 * Running on http://100.87.253.128:6776
2025-11-25 12:09:29,990 - werkzeug - INFO - [33mPress CTRL+C to quit[0m
2025-11-25 12:09:29,990 - werkzeug - INFO -  * Restarting with stat
2025-11-25 12:09:30,219 - __main__ - INFO - Starting application...
2025-11-25 12:09:30,219 - __main__ - INFO - Flask port configured: 6776
2025-11-25 12:09:30,219 - __main__ - WARNING - YouTube cookies file not found
2025-11-25 12:09:30,219 - __main__ - INFO - Running Flask app on port 6776, debug=False
2025-11-25 12:09:30,224 - werkzeug - WARNING -  * Debugger is active!
2025-11-25 12:09:30,227 - werkzeug - INFO -  * Debugger PIN: 569-186-393
2025-11-25 12:09:31,987 - __main__ - INFO - API request - Start download: https://www.bilibili.com/video/BV1qFUHBkETB/?spm_id_from=333.1007.tianma.4-1-11.click, Format: 30016
2025-11-25 12:09:34,788 - __main__ - INFO - Preparing download - File: 薯片实力排行 - [360P 流畅].mp4, Size: None bytes
2025-11-25 12:09:34,788 - __main__ - WARNING - File size unknown, skipping space check
2025-11-25 12:09:37,247 - __main__ - INFO - Download completed: downloads/薯片实力排行 - [360P 流畅].mp4
2025-11-25 12:09:37,259 - __main__ - INFO - Download successful: 薯片实力排行 - [360P 流畅].mp4
2025-11-25 12:09:37,259 - werkzeug - INFO - 127.0.0.1 - - [25/Nov/2025 12:09:37] "POST /api/startDownload HTTP/1.1" 200 -
2025-11-25 12:09:37,263 - __main__ - INFO - API request - Download file: 薯片实力排行 - [360P 流畅].mp4
2025-11-25 12:09:37,263 - __main__ - INFO - Sending file: 薯片实力排行 - [360P 流畅].mp4
2025-11-25 12:09:37,267 - werkzeug - INFO - 127.0.0.1 - - [25/Nov/2025 12:09:37] "GET /api/download/薯片实力排行%20-%20[360P%20流畅].mp4 HTTP/1.1" 200 -
2025-11-25 12:10:06,368 - werkzeug - INFO -  * Detected change in '/home/manana/Documentos/yt-downloader/app.py', reloading
2025-11-25 12:10:06,457 - werkzeug - INFO -  * Restarting with stat
2025-11-25 12:10:06,677 - __main__ - INFO - Starting application...
2025-11-25 12:10:06,677 - __main__ - INFO - Flask port configured: 6776
2025-11-25 12:10:06,677 - __main__ - WARNING - YouTube cookies file not found
2025-11-25 12:10:06,677 - __main__ - INFO - Running Flask app on port 6776, debug=False
2025-11-25 12:10:06,682 - werkzeug - WARNING -  * Debugger is active!
2025-11-25 12:10:06,684 - werkzeug - INFO -  * Debugger PIN: 569-186-393
2025-11-25 12:10:18,067 - __main__ - INFO - API request - Start download: https://www.bilibili.com/video/BV1qFUHBkETB/?spm_id_from=333.1007.tianma.4-1-11.click, Format: 30016
2025-11-25 12:10:20,792 - __main__ - INFO - Preparing download - File: 薯片实力排行 - [360P 流畅].mp4, Size: None bytes
2025-11-25 12:10:20,792 - __main__ - WARNING - File size unknown, skipping space check
2025-11-25 12:10:23,320 - __main__ - INFO - Download completed: downloads/薯片实力排行 - [360P 流畅].mp4
2025-11-25 12:10:23,332 - __main__ - INFO - Download successful: 薯片实力排行 - [360P 流畅].mp4
2025-11-25 12:10:23,332 - werkzeug - INFO - 127.0.0.1 - - [25/Nov/2025 12:10:23] "POST /api/startDownload HTTP/1.1" 200 -
2025-11-25 12:10:23,337 - __main__ - INFO - API request - Download file: 薯片实力排行 - [360P 流畅].mp4
2025-11-25 12:10:23,337 - __main__ - INFO - Sending file: 薯片实力排行 - [360P 流畅].mp4
2025-11-25 12:10:23,340 - werkzeug - INFO - 127.0.0.1 - - [25/Nov/2025 12:10:23] "GET /api/download/薯片实力排行%20-%20[360P%20流畅].mp4 HTTP/1.1" 200 -
2025-11-25 12:10:40,805 - werkzeug - INFO -  * Detected change in '/home/manana/Documentos/yt-downloader/app.py', reloading
2025-11-25 12:10:40,898 - werkzeug - INFO -  * Restarting with stat
2025-11-25 12:10:41,137 - __main__ - INFO - Starting application...
2025-11-25 12:10:41,137 - __main__ - INFO - Flask port configured: 6776
2025-11-25 12:10:41,137 - __main__ - WARNING - YouTube cookies file not found
2025-11-25 12:10:41,137 - __main__ - INFO - Running Flask app on port 6776, debug=False
2025-11-25 12:10:41,142 - werkzeug - WARNING -  * Debugger is active!
2025-11-25 12:10:41,144 - werkzeug - INFO -  * Debugger PIN: 569-186-393
2025-11-25 12:10:44,454 - __main__ - INFO - API request - Start download: https://www.bilibili.com/video/BV1qFUHBkETB/?spm_id_from=333.1007.tianma.4-1-11.click, Format: 30016
2025-11-25 12:10:47,259 - __main__ - INFO - Preparing download - File: 薯片实力排行 - [360P 流畅].mp4, Size: None bytes
2025-11-25 12:10:47,259 - __main__ - WARNING - File size unknown, skipping space check
2025-11-25 12:10:54,647 - __main__ - INFO - Download progress: 0%
2025-11-25 12:10:54,648 - __main__ - INFO - Download progress: 0%
2025-11-25 12:10:54,648 - __main__ - INFO - Download progress: 0%
2025-11-25 12:10:54,651 - __main__ - INFO - Download progress: 1%
2025-11-25 12:10:54,651 - __main__ - INFO - Download progress: 2%
2025-11-25 12:10:54,671 - __main__ - INFO - Download progress: 4%
2025-11-25 12:10:54,687 - __main__ - INFO - Download progress: 9%
2025-11-25 12:10:54,717 - __main__ - INFO - Download progress: 19%
2025-11-25 12:10:54,746 - __main__ - INFO - Download progress: 39%
2025-11-25 12:10:54,776 - __main__ - INFO - Download progress: 78%
2025-11-25 12:10:54,786 - __main__ - INFO - Download progress: 100%
2025-11-25 12:10:54,821 - __main__ - INFO - Download completed: downloads/薯片实力排行 - [360P 流畅].mp4
2025-11-25 12:10:54,833 - __main__ - INFO - Download successful: 薯片实力排行 - [360P 流畅].mp4
2025-11-25 12:10:54,833 - werkzeug - INFO - 127.0.0.1 - - [25/Nov/2025 12:10:54] "POST /api/startDownload HTTP/1.1" 200 -
2025-11-25 12:10:54,838 - __main__ - INFO - API request - Download file: 薯片实力排行 - [360P 流畅].mp4
2025-11-25 12:10:54,838 - __main__ - INFO - Sending file: 薯片实力排行 - [360P 流畅].mp4
2025-11-25 12:10:54,841 - werkzeug - INFO - 127.0.0.1 - - [25/Nov/2025 12:10:54] "GET /api/download/薯片实力排行%20-%20[360P%20流畅].mp4 HTTP/1.1" 200 -
2025-11-25 12:11:18,275 - werkzeug - INFO -  * Detected change in '/home/manana/Documentos/yt-downloader/app.py', reloading
2025-11-25 12:11:18,359 - werkzeug - INFO -  * Restarting with stat
2025-11-25 12:11:18,583 - __main__ - INFO - Starting application...
2025-11-25 12:11:18,583 - __main__ - INFO - Flask port configured: 6776
2025-11-25 12:11:18,583 - __main__ - WARNING - YouTube cookies file not found
2025-11-25 12:11:18,583 - __main__ - INFO - Running Flask app on port 6776, debug=False
2025-11-25 12:11:18,588 - werkzeug - WARNING -  * Debugger is active!
2025-11-25 12:11:18,591 - werkzeug - INFO -  * Debugger PIN: 569-186-393
2025-11-25 12:15:31,666 - werkzeug - INFO - 127.0.0.1 - - [25/Nov/2025 12:15:31] "GET / HTTP/1.1" 200 -
2025-11-25 12:15:31,682 - werkzeug - INFO - 127.0.0.1 - - [25/Nov/2025 12:15:31] "[36mGET /static/animations.css HTTP/1.1[0m" 304 -
2025-11-25 12:15:31,683 - werkzeug - INFO - 127.0.0.1 - - [25/Nov/2025 12:15:31] "GET /static/script.js HTTP/1.1" 200 -
2025-11-25 12:15:31,885 - werkzeug - INFO - 127.0.0.1 - - [25/Nov/2025 12:15:31] "GET /socket.io/?EIO=4&transport=polling&t=PgwyC8h HTTP/1.1" 200 -
2025-11-25 12:15:31,907 - werkzeug - INFO - 127.0.0.1 - - [25/Nov/2025 12:15:31] "POST /socket.io/?EIO=4&transport=polling&t=PgwyC8v&sid=7nL-cP6oLGYEEHSAAAAA HTTP/1.1" 200 -
2025-11-25 12:15:31,910 - werkzeug - INFO - 127.0.0.1 - - [25/Nov/2025 12:15:31] "GET /socket.io/?EIO=4&transport=polling&t=PgwyC8w&sid=7nL-cP6oLGYEEHSAAAAA HTTP/1.1" 200 -
2025-11-25 12:15:31,914 - werkzeug - INFO - 127.0.0.1 - - [25/Nov/2025 12:15:31] "GET /socket.io/?EIO=4&transport=polling&t=PgwyC98&sid=7nL-cP6oLGYEEHSAAAAA HTTP/1.1" 200 -
2025-11-25 12:15:31,918 - werkzeug - INFO - 127.0.0.1 - - [25/Nov/2025 12:15:31] "POST /socket.io/?EIO=4&transport=polling&t=PgwyC98.0&sid=7nL-cP6oLGYEEHSAAAAA HTTP/1.1" 200 -
2025-11-25 12:15:32,760 - __main__ - INFO - API request - Get format info for: https://www.bilibili.com/video/BV1qFUHBkETB/?spm_id_from=333.1007.tianma.4-1-11.click
2025-11-25 12:15:32,760 - __main__ - INFO - Fetching video info for URL: https://www.bilibili.com/video/BV1qFUHBkETB/?spm_id_from=333.1007.tianma.4-1-11.click
2025-11-25 12:15:32,917 - werkzeug - INFO - 127.0.0.1 - - [25/Nov/2025 12:15:32] "GET /socket.io/?EIO=4&transport=websocket&sid=7nL-cP6oLGYEEHSAAAAA HTTP/1.1" 200 -
2025-11-25 12:15:36,068 - werkzeug - INFO - 127.0.0.1 - - [25/Nov/2025 12:15:36] "POST /api/format HTTP/1.1" 200 -
2025-11-25 12:15:42,642 - __main__ - INFO - API request - Start download: https://www.bilibili.com/video/BV1qFUHBkETB/?spm_id_from=333.1007.tianma.4-1-11.click, Format: 100026+30280
2025-11-25 12:15:45,032 - __main__ - INFO - Preparing download - File: 薯片实力排行 - [1080P 高清+30280 - audio only].mp4, Size: None bytes
2025-11-25 12:15:45,032 - __main__ - WARNING - File size unknown, skipping space check
2025-11-25 12:15:47,025 - __main__ - ERROR - Error during download: [0;31mERROR:[0m You have requested merging of multiple formats but ffmpeg is not installed. Aborting due to --abort-on-error
Traceback (most recent call last):
  File "/home/manana/Documentos/yt-downloader/app.py", line 211, in download
    ydl.download([url])
  File "/home/manana/Documentos/yt-downloader/venv/lib/python3.12/site-packages/yt_dlp/YoutubeDL.py", line 3611, in download
    self.__download_wrapper(self.extract_info)(
  File "/home/manana/Documentos/yt-downloader/venv/lib/python3.12/site-packages/yt_dlp/YoutubeDL.py", line 3584, in wrapper
    res = func(*args, **kwargs)
          ^^^^^^^^^^^^^^^^^^^^^
  File "/home/manana/Documentos/yt-downloader/venv/lib/python3.12/site-packages/yt_dlp/YoutubeDL.py", line 1634, in extract_info
    return self.__extract_info(url, self.get_info_extractor(key), download, extra_info, process)
           ^^^^^^^^^^^^^^^^^^^^^^^^^^^^^^^^^^^^^^^^^^^^^^^^^^^^^^^^^^^^^^^^^^^^^^^^^^^^^^^^^^^^^
  File "/home/manana/Documentos/yt-downloader/venv/lib/python3.12/site-packages/yt_dlp/YoutubeDL.py", line 1645, in wrapper
    return func(self, *args, **kwargs)
           ^^^^^^^^^^^^^^^^^^^^^^^^^^^
  File "/home/manana/Documentos/yt-downloader/venv/lib/python3.12/site-packages/yt_dlp/YoutubeDL.py", line 1801, in __extract_info
    return self.process_ie_result(ie_result, download, extra_info)
           ^^^^^^^^^^^^^^^^^^^^^^^^^^^^^^^^^^^^^^^^^^^^^^^^^^^^^^^
  File "/home/manana/Documentos/yt-downloader/venv/lib/python3.12/site-packages/yt_dlp/YoutubeDL.py", line 1860, in process_ie_result
    ie_result = self.process_video_result(ie_result, download=download)
                ^^^^^^^^^^^^^^^^^^^^^^^^^^^^^^^^^^^^^^^^^^^^^^^^^^^^^^^
  File "/home/manana/Documentos/yt-downloader/venv/lib/python3.12/site-packages/yt_dlp/YoutubeDL.py", line 3038, in process_video_result
    self.process_info(new_info)
  File "/home/manana/Documentos/yt-downloader/venv/lib/python3.12/site-packages/yt_dlp/YoutubeDL.py", line 187, in wrapper
    return func(self, *args, **kwargs)
           ^^^^^^^^^^^^^^^^^^^^^^^^^^^
  File "/home/manana/Documentos/yt-downloader/venv/lib/python3.12/site-packages/yt_dlp/YoutubeDL.py", line 3443, in process_info
    self.report_error(f'{msg}. Aborting due to --abort-on-error')
  File "/home/manana/Documentos/yt-downloader/venv/lib/python3.12/site-packages/yt_dlp/YoutubeDL.py", line 1103, in report_error
    self.trouble(f'{self._format_err("ERROR:", self.Styles.ERROR)} {message}', *args, **kwargs)
  File "/home/manana/Documentos/yt-downloader/venv/lib/python3.12/site-packages/yt_dlp/YoutubeDL.py", line 1042, in trouble
    raise DownloadError(message, exc_info)
yt_dlp.utils.DownloadError: [0;31mERROR:[0m You have requested merging of multiple formats but ffmpeg is not installed. Aborting due to --abort-on-error
2025-11-25 12:15:47,027 - werkzeug - INFO - 127.0.0.1 - - [25/Nov/2025 12:15:47] "[35m[1mPOST /api/startDownload HTTP/1.1[0m" 500 -
2025-11-25 12:15:53,324 - __main__ - INFO - API request - Start download: https://www.bilibili.com/video/BV1qFUHBkETB/?spm_id_from=333.1007.tianma.4-1-11.click, Format: 30016
2025-11-25 12:15:55,597 - __main__ - INFO - File: 薯片实力排行 - [360P 流畅].mp4 found in disk, skipping download.
2025-11-25 12:15:55,598 - werkzeug - INFO - 127.0.0.1 - - [25/Nov/2025 12:15:55] "POST /api/startDownload HTTP/1.1" 200 -
2025-11-25 12:15:55,612 - __main__ - INFO - API request - Download file: 薯片实力排行 - [360P 流畅].mp4
2025-11-25 12:15:55,612 - __main__ - INFO - Sending file: 薯片实力排行 - [360P 流畅].mp4
2025-11-25 12:15:55,613 - werkzeug - INFO - 127.0.0.1 - - [25/Nov/2025 12:15:55] "GET /api/download/薯片实力排行%20-%20[360P%20流畅].mp4 HTTP/1.1" 200 -
2025-11-25 12:16:46,923 - __main__ - INFO - Starting application...
2025-11-25 12:16:46,923 - __main__ - INFO - Flask port configured: 6776
2025-11-25 12:16:46,923 - __main__ - WARNING - YouTube cookies file not found
2025-11-25 12:16:46,923 - __main__ - INFO - Running Flask app on port 6776, debug=False
2025-11-25 12:16:46,930 - werkzeug - INFO - [31m[1mWARNING: This is a development server. Do not use it in a production deployment. Use a production WSGI server instead.[0m
 * Running on all addresses (0.0.0.0)
 * Running on http://127.0.0.1:6776
 * Running on http://100.87.253.128:6776
2025-11-25 12:16:46,931 - werkzeug - INFO - [33mPress CTRL+C to quit[0m
2025-11-25 12:16:46,931 - werkzeug - INFO -  * Restarting with stat
2025-11-25 12:16:47,147 - __main__ - INFO - Starting application...
2025-11-25 12:16:47,148 - __main__ - INFO - Flask port configured: 6776
2025-11-25 12:16:47,148 - __main__ - WARNING - YouTube cookies file not found
2025-11-25 12:16:47,148 - __main__ - INFO - Running Flask app on port 6776, debug=False
2025-11-25 12:16:47,153 - werkzeug - WARNING -  * Debugger is active!
2025-11-25 12:16:47,155 - werkzeug - INFO -  * Debugger PIN: 569-186-393
2025-11-25 12:16:59,003 - __main__ - INFO - API request - Start download: https://www.bilibili.com/video/BV1qFUHBkETB/?spm_id_from=333.1007.tianma.4-1-11.click, Format: 30016
2025-11-25 12:17:01,760 - __main__ - INFO - File: 薯片实力排行 - [360P 流畅].mp4 found in disk, skipping download.
2025-11-25 12:17:01,760 - werkzeug - INFO - 127.0.0.1 - - [25/Nov/2025 12:17:01] "POST /api/startDownload HTTP/1.1" 200 -
2025-11-25 12:17:01,764 - __main__ - INFO - API request - Download file: 薯片实力排行 - [360P 流畅].mp4
2025-11-25 12:17:01,765 - __main__ - INFO - Sending file: 薯片实力排行 - [360P 流畅].mp4
2025-11-25 12:17:01,768 - werkzeug - INFO - 127.0.0.1 - - [25/Nov/2025 12:17:01] "GET /api/download/薯片实力排行%20-%20[360P%20流畅].mp4 HTTP/1.1" 200 -
